<?xml version="1.0" encoding="UTF-8"?>
<testng-results total="1" passed="1" failed="0" skipped="0">
  <reporter-output>
  </reporter-output>
  <suite started-at="2021-10-14T16:21:06Z" name="Suite" finished-at="2021-10-14T16:21:19Z" duration-ms="13085">
    <groups>
    </groups>
    <test started-at="2021-10-14T16:21:06Z" name="Test" finished-at="2021-10-14T16:21:19Z" duration-ms="13085">
      <class name="sample.sampleClass">
        <test-method signature="launchBrowser()[pri:0, instance:sample.sampleClass@5fbdfdcf]" started-at="2021-10-14T12:21:06Z" name="launchBrowser" finished-at="2021-10-14T12:21:19Z" duration-ms="13071" status="PASS">
          <reporter-output>
          </reporter-output>
        </test-method> <!-- launchBrowser -->
      </class> <!-- sample.sampleClass -->
    </test> <!-- Test -->
  </suite> <!-- Suite -->
</testng-results>
